<?xml version="1.0" encoding="UTF-8"?>
<testsuite name="com.andreikingsley.ggdsl.dsl.unit.BindingTest" tests="8" skipped="0" failures="0" errors="0" timestamp="2022-06-10T12:35:24" hostname="UNIT-1806" time="0.005">
  <properties/>
  <testcase name="testMappingScaledPositional" classname="com.andreikingsley.ggdsl.dsl.unit.BindingTest" time="0.0"/>
  <testcase name="testMappingScaledNonPositional" classname="com.andreikingsley.ggdsl.dsl.unit.BindingTest" time="0.001"/>
  <testcase name="testMappingNonScalable" classname="com.andreikingsley.ggdsl.dsl.unit.BindingTest" time="0.0"/>
  <testcase name="testMappingScaledUnspecified" classname="com.andreikingsley.ggdsl.dsl.unit.BindingTest" time="0.001"/>
  <testcase name="testMappingUnscaled" classname="com.andreikingsley.ggdsl.dsl.unit.BindingTest" time="0.0"/>
  <testcase name="testMappingScaledPositionalDefault" classname="com.andreikingsley.ggdsl.dsl.unit.BindingTest" time="0.0"/>
  <testcase name="testMappingScaledNonPositionalDefault" classname="com.andreikingsley.ggdsl.dsl.unit.BindingTest" time="0.001"/>
  <testcase name="testSetting" classname="com.andreikingsley.ggdsl.dsl.unit.BindingTest" time="0.001"/>
  <system-out><![CDATA[]]></system-out>
  <system-err><![CDATA[]]></system-err>
</testsuite>
