<?xml version="1.0" encoding="UTF-8"?>
<testsuite name="com.andreikingsley.ggdsl.dsl.CustomizationTest" tests="2" skipped="0" failures="0" errors="0" timestamp="2022-06-10T12:35:24" hostname="UNIT-1806" time="0.003">
  <properties/>
  <testcase name="testFeatures" classname="com.andreikingsley.ggdsl.dsl.CustomizationTest" time="0.002"/>
  <testcase name="testCustomLayer" classname="com.andreikingsley.ggdsl.dsl.CustomizationTest" time="0.001"/>
  <system-out><![CDATA[]]></system-out>
  <system-err><![CDATA[]]></system-err>
</testsuite>
