<?xml version="1.0" encoding="UTF-8"?>
<testsuite name="com.andreikingsley.ggdsl.dsl.unit.SourceTest" tests="1" skipped="0" failures="0" errors="0" timestamp="2022-06-10T12:35:24" hostname="UNIT-1806" time="0.0">
  <properties/>
  <testcase name="testSource" classname="com.andreikingsley.ggdsl.dsl.unit.SourceTest" time="0.0"/>
  <system-out><![CDATA[]]></system-out>
  <system-err><![CDATA[]]></system-err>
</testsuite>
