<?xml version="1.0" encoding="UTF-8"?>
<testsuite name="com.andreikingsley.ggdsl.dsl.unit.ScaleTest" tests="8" skipped="0" failures="0" errors="0" timestamp="2022-06-10T12:35:24" hostname="UNIT-1806" time="0.002">
  <properties/>
  <testcase name="testContinuousPosDefault" classname="com.andreikingsley.ggdsl.dsl.unit.ScaleTest" time="0.0"/>
  <testcase name="testContinuousDefault" classname="com.andreikingsley.ggdsl.dsl.unit.ScaleTest" time="0.001"/>
  <testcase name="testCategoricalDefault" classname="com.andreikingsley.ggdsl.dsl.unit.ScaleTest" time="0.0"/>
  <testcase name="testCategoricalPos" classname="com.andreikingsley.ggdsl.dsl.unit.ScaleTest" time="0.0"/>
  <testcase name="testContinuous" classname="com.andreikingsley.ggdsl.dsl.unit.ScaleTest" time="0.0"/>
  <testcase name="testContinuousPos" classname="com.andreikingsley.ggdsl.dsl.unit.ScaleTest" time="0.001"/>
  <testcase name="testCategorical" classname="com.andreikingsley.ggdsl.dsl.unit.ScaleTest" time="0.0"/>
  <testcase name="testCategoricalPosDefault" classname="com.andreikingsley.ggdsl.dsl.unit.ScaleTest" time="0.0"/>
  <system-out><![CDATA[]]></system-out>
  <system-err><![CDATA[]]></system-err>
</testsuite>
