<?xml version="1.0" encoding="UTF-8"?>
<testsuite name="com.andreikingsley.ggdsl.dsl.unit.ContextTest" tests="4" skipped="0" failures="0" errors="0" timestamp="2022-06-10T12:35:24" hostname="UNIT-1806" time="0.003">
  <properties/>
  <testcase name="testPlotEmpty" classname="com.andreikingsley.ggdsl.dsl.unit.ContextTest" time="0.0"/>
  <testcase name="testBars" classname="com.andreikingsley.ggdsl.dsl.unit.ContextTest" time="0.001"/>
  <testcase name="testLine" classname="com.andreikingsley.ggdsl.dsl.unit.ContextTest" time="0.001"/>
  <testcase name="testPoints" classname="com.andreikingsley.ggdsl.dsl.unit.ContextTest" time="0.001"/>
  <system-out><![CDATA[]]></system-out>
  <system-err><![CDATA[]]></system-err>
</testsuite>
