<?xml version="1.0" encoding="UTF-8"?>
<testsuite name="com.andreikingsley.ggdsl.dsl.CommonTest" tests="3" skipped="0" failures="0" errors="0" timestamp="2022-06-10T12:35:24" hostname="UNIT-1806" time="0.2">
  <properties/>
  <testcase name="datasetOverriding" classname="com.andreikingsley.ggdsl.dsl.CommonTest" time="0.195"/>
  <testcase name="severalLayersAndScales" classname="com.andreikingsley.ggdsl.dsl.CommonTest" time="0.005"/>
  <testcase name="oneLayer" classname="com.andreikingsley.ggdsl.dsl.CommonTest" time="0.0"/>
  <system-out><![CDATA[]]></system-out>
  <system-err><![CDATA[]]></system-err>
</testsuite>
